<?xml version="1.0" encoding="UTF-8"?>
<!-- Generated by org.testng.reporters.JUnitReportReporter -->
<testsuite hostname="pari" name="maventest.demo1" tests="2" failures="0" timestamp="10 May 2020 18:33:58 GMT" time="0.026" errors="0">
  <testcase name="sub" time="0.023" classname="maventest.demo1"/>
  <testcase name="sum" time="0.003" classname="maventest.demo1"/>
</testsuite> <!-- maventest.demo1 -->
