<?xml version="1.0" encoding="UTF-8"?>
<!-- Generated by org.testng.reporters.JUnitReportReporter -->
<testsuite hostname="pari" name="maventest.demo1" tests="2" failures="0" timestamp="17 May 2020 12:24:17 GMT" time="0.030" errors="0">
  <testcase name="sum" time="0.001" classname="maventest.demo1"/>
  <testcase name="sub" time="0.029" classname="maventest.demo1"/>
</testsuite> <!-- maventest.demo1 -->
